"is_built_lib_ocaml-ldap" "true"
"built_lib_ocaml-ldap" "/home/jpdeplaix/documents/programmation/projects/ocaml-ldap/_build/src/ocaml-ldap.cma"
"built_lib_ocaml-ldap" "/home/jpdeplaix/documents/programmation/projects/ocaml-ldap/_build/src/ocaml-ldap.cmxa"
"built_lib_ocaml-ldap" "/home/jpdeplaix/documents/programmation/projects/ocaml-ldap/_build/src/ocaml-ldap.a"
"built_lib_ocaml-ldap" "/home/jpdeplaix/documents/programmation/projects/ocaml-ldap/_build/src/ocaml-ldap.cmxs"
"built_lib_ocaml-ldap" "/home/jpdeplaix/documents/programmation/projects/ocaml-ldap/_build/src/lber.cmi"
"built_lib_ocaml-ldap" "/home/jpdeplaix/documents/programmation/projects/ocaml-ldap/_build/src/ldap_types.cmi"
"built_lib_ocaml-ldap" "/home/jpdeplaix/documents/programmation/projects/ocaml-ldap/_build/src/ldap_error.cmi"
"built_lib_ocaml-ldap" "/home/jpdeplaix/documents/programmation/projects/ocaml-ldap/_build/src/ldap_protocol.cmi"
"built_lib_ocaml-ldap" "/home/jpdeplaix/documents/programmation/projects/ocaml-ldap/_build/src/ulist.cmi"
"built_lib_ocaml-ldap" "/home/jpdeplaix/documents/programmation/projects/ocaml-ldap/_build/src/ldap_url.cmi"
"built_lib_ocaml-ldap" "/home/jpdeplaix/documents/programmation/projects/ocaml-ldap/_build/src/ldap_filter.cmi"
"built_lib_ocaml-ldap" "/home/jpdeplaix/documents/programmation/projects/ocaml-ldap/_build/src/ldap_funclient.cmi"
"built_lib_ocaml-ldap" "/home/jpdeplaix/documents/programmation/projects/ocaml-ldap/_build/src/ldap_schemaparser.cmi"
"built_lib_ocaml-ldap" "/home/jpdeplaix/documents/programmation/projects/ocaml-ldap/_build/src/ldap_dn.cmi"
"built_lib_ocaml-ldap" "/home/jpdeplaix/documents/programmation/projects/ocaml-ldap/_build/src/ldap_ooclient.cmi"
"built_lib_ocaml-ldap" "/home/jpdeplaix/documents/programmation/projects/ocaml-ldap/_build/src/ldap_mutex.cmi"
"built_lib_ocaml-ldap" "/home/jpdeplaix/documents/programmation/projects/ocaml-ldap/_build/src/ldap_txooclient.cmi"
"built_lib_ocaml-ldap" "/home/jpdeplaix/documents/programmation/projects/ocaml-ldap/_build/src/ldif_parser.cmi"
"built_lib_ocaml-ldap" "/home/jpdeplaix/documents/programmation/projects/ocaml-ldap/_build/src/ldif_oo.cmi"
"built_lib_ocaml-ldap" "/home/jpdeplaix/documents/programmation/projects/ocaml-ldap/_build/src/ldap_funserver.cmi"
"built_lib_ocaml-ldap" "/home/jpdeplaix/documents/programmation/projects/ocaml-ldap/_build/src/ldif_changerec_oo.cmi"
"built_lib_ocaml-ldap" "/home/jpdeplaix/documents/programmation/projects/ocaml-ldap/_build/src/ldap_toplevel.cmi"
"built_lib_ocaml-ldap" "/home/jpdeplaix/documents/programmation/projects/ocaml-ldap/_build/src/lber.cmx"
"built_lib_ocaml-ldap" "/home/jpdeplaix/documents/programmation/projects/ocaml-ldap/_build/src/ldap_types.cmx"
"built_lib_ocaml-ldap" "/home/jpdeplaix/documents/programmation/projects/ocaml-ldap/_build/src/ldap_error.cmx"
"built_lib_ocaml-ldap" "/home/jpdeplaix/documents/programmation/projects/ocaml-ldap/_build/src/ldap_protocol.cmx"
"built_lib_ocaml-ldap" "/home/jpdeplaix/documents/programmation/projects/ocaml-ldap/_build/src/ulist.cmx"
"built_lib_ocaml-ldap" "/home/jpdeplaix/documents/programmation/projects/ocaml-ldap/_build/src/ldap_url.cmx"
"built_lib_ocaml-ldap" "/home/jpdeplaix/documents/programmation/projects/ocaml-ldap/_build/src/ldap_filter.cmx"
"built_lib_ocaml-ldap" "/home/jpdeplaix/documents/programmation/projects/ocaml-ldap/_build/src/ldap_funclient.cmx"
"built_lib_ocaml-ldap" "/home/jpdeplaix/documents/programmation/projects/ocaml-ldap/_build/src/ldap_schemaparser.cmx"
"built_lib_ocaml-ldap" "/home/jpdeplaix/documents/programmation/projects/ocaml-ldap/_build/src/ldap_dn.cmx"
"built_lib_ocaml-ldap" "/home/jpdeplaix/documents/programmation/projects/ocaml-ldap/_build/src/ldap_ooclient.cmx"
"built_lib_ocaml-ldap" "/home/jpdeplaix/documents/programmation/projects/ocaml-ldap/_build/src/ldap_mutex.cmx"
"built_lib_ocaml-ldap" "/home/jpdeplaix/documents/programmation/projects/ocaml-ldap/_build/src/ldap_txooclient.cmx"
"built_lib_ocaml-ldap" "/home/jpdeplaix/documents/programmation/projects/ocaml-ldap/_build/src/ldif_parser.cmx"
"built_lib_ocaml-ldap" "/home/jpdeplaix/documents/programmation/projects/ocaml-ldap/_build/src/ldif_oo.cmx"
"built_lib_ocaml-ldap" "/home/jpdeplaix/documents/programmation/projects/ocaml-ldap/_build/src/ldap_funserver.cmx"
"built_lib_ocaml-ldap" "/home/jpdeplaix/documents/programmation/projects/ocaml-ldap/_build/src/ldif_changerec_oo.cmx"
"built_lib_ocaml-ldap" "/home/jpdeplaix/documents/programmation/projects/ocaml-ldap/_build/src/ldap_toplevel.cmx"
